<?xml version="1.0" encoding="UTF-8"?>
<!-- Generated by org.testng.reporters.JUnitReportReporter -->
<testsuite hostname="DESKTOP-JOHUOE0" failures="0" tests="1" name="com.ots.testcases.LoginTest" time="8.587" errors="0" timestamp="2024-02-02T19:06:28 IST" skipped="0">
  <testcase classname="com.ots.testcases.LoginTest" name="loginToApplicationWithValidCredentials" time="8.587"/>
</testsuite> <!-- com.ots.testcases.LoginTest -->
